<?xml version="1.0" encoding="UTF-8"?>
<!-- Generated by org.testng.reporters.JUnitReportReporter -->
<testsuite skipped="0" hostname="DESKTOP-JQ0LRFT" name="allTest.TakeScreenShort" tests="1" failures="0" timestamp="2020-04-29T13:55:43 EDT" time="24.165" errors="0">
  <testcase name="alertHandel" time="24.165" classname="allTest.TakeScreenShort"/>
  <system-out/>
</testsuite> <!-- allTest.TakeScreenShort -->
