<?xml version="1.0" encoding="UTF-8"?>
<!-- Generated by org.testng.reporters.JUnitReportReporter -->
<testsuite skipped="0" hostname="DESKTOP-JQ0LRFT" name="allTest.TakeScreenShort" tests="1" failures="0" timestamp="2020-04-26T13:36:04 EDT" time="12.590" errors="0">
  <testcase name="mouseHover" time="12.590" classname="allTest.TakeScreenShort"/>
  <system-out/>
</testsuite> <!-- allTest.TakeScreenShort -->
