<?xml version="1.0" encoding="UTF-8"?>
<!-- Generated by org.testng.reporters.JUnitReportReporter -->
<testsuite skipped="0" hostname="DESKTOP-JQ0LRFT" name="allTest.TakeScreenShort" tests="1" failures="0" timestamp="2020-04-25T13:01:16 EDT" time="9.994" errors="0">
  <testcase name="screenShort" time="9.994" classname="allTest.TakeScreenShort"/>
  <system-out/>
</testsuite> <!-- allTest.TakeScreenShort -->
